============================================================
  Generated by:           Genus(TM) Synthesis Solution 17.22-s017_1
  Generated on:           May 24 2025  03:21:42 pm
  Module:                 audio_packet_processor
  Operating conditions:   slow (balanced_tree)
  Wireload mode:          enclosed
  Area mode:              timing library
============================================================


Path 1: MET (157 ps) Setup Check with Pin parser/packet_accepted_reg/CK->D
          Group: clk
     Startpoint: (R) parser/packet_reg_reg[6]/CK
          Clock: (R) clk
       Endpoint: (R) parser/packet_accepted_reg/D
          Clock: (R) clk

                     Capture       Launch     
        Clock Edge:+    2000            0     
       Src Latency:+       0            0     
       Net Latency:+       0 (I)        0 (I) 
           Arrival:=    2000            0     
                                              
             Setup:-     222                  
       Uncertainty:-      10                  
     Required Time:=    1768                  
      Launch Clock:-       0                  
         Data Path:-    1611                  
             Slack:=     157                  

#------------------------------------------------------------------------------------------------------
#        Timing Point          Flags   Arc   Edge   Cell     Fanout  Load Trans Delay Arrival Instance 
#                                                                    (fF)  (ps)  (ps)   (ps)  Location 
#------------------------------------------------------------------------------------------------------
  parser/packet_reg_reg[6]/CK  -       -     R     (arrival)     81     -   100     -       0    (-,-) 
  parser/packet_reg_reg[6]/Q   -       CK->Q F     SDFFRHQX1      3   7.4    73   370     370    (-,-) 
  parser/g1319__3772/Y         -       A->Y  R     CLKXOR2X1      2   5.6    84   239     609    (-,-) 
  parser/g1269__8780/Y         -       A1->Y F     OAI22X1        1   2.8   101    93     702    (-,-) 
  parser/g1247__5795/Y         -       B0->Y R     AOI211X1       1   2.8   137   142     844    (-,-) 
  parser/g1226__5266/Y         -       C->Y  F     NAND3X1        1   2.8   117   112     955    (-,-) 
  parser/g1225__7114/Y         -       C->Y  R     NOR3X1         2   4.4   158   142    1097    (-,-) 
  parser/g1224/Y               -       A->Y  F     INVX1          1   2.8    61    52    1149    (-,-) 
  parser/g1223__5703/Y         -       B->Y  F     OR2X4         25 119.2   251   356    1505    (-,-) 
  parser/g1222/Y               -       A->Y  R     INVXL          1   2.8   103   106    1611    (-,-) 
  parser/packet_accepted_reg/D <<<     -     R     SDFFRHQX1      1     -     -     0    1611    (-,-) 
#------------------------------------------------------------------------------------------------------

